time="2022-11-05T16:39:06+08:00" level=info msg="40 40"
time="2022-11-05T16:42:52+08:00" level=info msg="40 40"
time="2022-11-05T16:42:52+08:00" level=info msg="[11205 11369 11370 11371 14075 14116 14121 22770 22846 22847 33917 48670 50488 55361 79522 82363 98880 98881 98882]"
time="2022-11-05T16:43:57+08:00" level=info msg="40 40"
time="2022-11-05T16:43:57+08:00" level=info msg="[11205 11369 11370 11371 14075 14116 14121 22770 22846 22847 33917 48670 50488 55361 79522 82363 98880 98881 98882]"
time="2022-11-05T16:44:08+08:00" level=info msg="-1 -1"
time="2022-11-05T16:44:08+08:00" level=info msg="[11205 11369 11370 11371 14075 14116 14121 22770 22846 22847 33917 48670 50488 55361 79522 82363 98880 98881 98882]"
time="2022-11-05T16:44:21+08:00" level=info msg="-1 -1"
time="2022-11-05T16:44:21+08:00" level=info msg="[11205 11369 11370 11371 14075 14116 14121 22770 22846 22847 33917 48670 50488 55361 79522 82363 98880 98881 98882]"
time="2022-11-05T16:44:45+08:00" level=info msg="-1 -1"
time="2022-11-05T16:44:45+08:00" level=info msg="[11205 11369 11370 11371 14075 14116 14121 22770 22846 22847 33917 48670 50488 55361 79522 82363 98880 98881 98882]"
time="2022-11-05T16:45:22+08:00" level=info msg="-1 -1"
time="2022-11-05T16:45:22+08:00" level=info msg="[11205 11369 11370 11371 14075 14116 14121 22770 22846 22847 33917 48670 50488 55361 79522 82363 98880 98881 98882]"
time="2022-11-05T16:45:33+08:00" level=info msg="-1 -1"
time="2022-11-05T16:45:33+08:00" level=info msg="[11205 11369 11370 11371 14075 14116 14121 22770 22846 22847 33917 48670 50488 55361 79522 82363 98880 98881 98882]"
time="2022-11-05T16:45:48+08:00" level=info msg="-1 -1"
time="2022-11-05T16:45:48+08:00" level=info msg="[11205 11369 11370 11371 14075 14116 14121 22770 22846 22847 33917 48670 50488 55361 79522 82363 98880 98881 98882]"
time="2022-11-05T16:45:55+08:00" level=info msg="-1 -1"
time="2022-11-05T16:45:55+08:00" level=info msg="[11205 11369 11370 11371 14075 14116 14121 22770 22846 22847 33917 48670 50488 55361 79522 82363 98880 98881 98882]"
time="2022-11-05T16:47:12+08:00" level=info msg="-1 -1"
time="2022-11-05T16:47:12+08:00" level=info msg="[11205 11369 11370 11371 14075 14116 14121 22770 22846 22847 33917 48670 50488 55361 79522 82363 98880 98881 98882]"
time="2022-11-05T16:47:27+08:00" level=info msg="-1 -1"
time="2022-11-05T16:47:27+08:00" level=info msg="[11205 11369 11370 11371 14075 14116 14121 22770 22846 22847 33917 48670 50488 55361 79522 82363 98880 98881 98882]"
time="2022-11-05T16:50:26+08:00" level=info msg="-1 -1"
time="2022-11-05T16:50:26+08:00" level=info msg="[]"
